<?xml version="1.0" encoding="UTF-8"?>
<testng-results skipped="0" failed="1" ignored="0" total="4" passed="3">
  <reporter-output>
    <line>
      <![CDATA[The test testSearchGoogle is Failed 2]]>
    </line>
    <line>
      <![CDATA[<a href='C:\eclipse-workspace\OmarAhmedHussein\src\test\resources\Screenshots\testSearchGoogle.png'> <img src='C:\eclipse-workspace\OmarAhmedHussein\src\test\resources\Screenshots\testSearchGoogle.png' height='100' width='100'/> </a>]]>
    </line>
    <line>
      <![CDATA[The test testHerokuFileUpload is succeeded 1]]>
    </line>
    <line>
      <![CDATA[<a href='C:\eclipse-workspace\OmarAhmedHussein\src\test\resources\Screenshots\testHerokuFileUpload.png'> <img src='C:\eclipse-workspace\OmarAhmedHussein\src\test\resources\Screenshots\testHerokuFileUpload.png' height='100' width='100'/> </a>]]>
    </line>
    <line>
      <![CDATA[The test testHerokuDynamicLoading is succeeded 1]]>
    </line>
    <line>
      <![CDATA[<a href='C:\eclipse-workspace\OmarAhmedHussein\src\test\resources\Screenshots\testHerokuDynamicLoading.png'> <img src='C:\eclipse-workspace\OmarAhmedHussein\src\test\resources\Screenshots\testHerokuDynamicLoading.png' height='100' width='100'/> </a>]]>
    </line>
    <line>
      <![CDATA[apiTestAutomation.CatFactsAPI
{"status":{"verified":true,"sentCount":1},"_id":"58e00b3a0aac31001185ed20","user":"58e007480aac31001185ecef","text":"Polydactyl cats are also referred to as \"Hemingway cats\" because the author was so fond of them.","__v":0,"source":"user","updatedAt":"2020-08-23T20:20:01.611Z","type":"cat","createdAt":"2018-02-17T21:41:52.585Z","deleted":false,"used":false}]]>
    </line>
    <line>
      <![CDATA[The test CheckTextIsNotNull is succeeded 1]]>
    </line>
  </reporter-output>
  <suite name="Listener Test Suite" duration-ms="34745" started-at="2021-11-13T18:02:37 EET" finished-at="2021-11-13T18:03:11 EET">
    <groups>
    </groups>
    <test name="testSearchGoogle" duration-ms="10290" started-at="2021-11-13T18:02:37 EET" finished-at="2021-11-13T18:02:47 EET">
      <class name="webGUITestAutomation.FirstTest">
        <test-method status="FAIL" signature="testSearchGoogle()[pri:0, instance:webGUITestAutomation.FirstTest@587d1d39]" name="testSearchGoogle" duration-ms="9279" started-at="2021-11-13T18:02:37 EET" finished-at="2021-11-13T18:02:46 EET">
          <exception class="java.lang.AssertionError">
            <message>
              <![CDATA[expected [true] but found [false]]]>
            </message>
            <full-stacktrace>
              <![CDATA[java.lang.AssertionError: expected [true] but found [false]
at org.testng.Assert.fail(Assert.java:99)
at org.testng.Assert.failNotEquals(Assert.java:1037)
at org.testng.Assert.assertTrue(Assert.java:45)
at org.testng.Assert.assertTrue(Assert.java:55)
at webGUITestAutomation.FirstTest.testSearchGoogle(FirstTest.java:46)
at sun.reflect.NativeMethodAccessorImpl.invoke0(Native Method)
at sun.reflect.NativeMethodAccessorImpl.invoke(Unknown Source)
at sun.reflect.DelegatingMethodAccessorImpl.invoke(Unknown Source)
at java.lang.reflect.Method.invoke(Unknown Source)
at org.testng.internal.MethodInvocationHelper.invokeMethod(MethodInvocationHelper.java:133)
at org.testng.internal.TestInvoker.invokeMethod(TestInvoker.java:598)
at org.testng.internal.TestInvoker.invokeTestMethod(TestInvoker.java:173)
at org.testng.internal.MethodRunner.runInSequence(MethodRunner.java:46)
at org.testng.internal.TestInvoker$MethodInvocationAgent.invoke(TestInvoker.java:824)
at org.testng.internal.TestInvoker.invokeTestMethods(TestInvoker.java:146)
at org.testng.internal.TestMethodWorker.invokeTestMethods(TestMethodWorker.java:146)
at org.testng.internal.TestMethodWorker.run(TestMethodWorker.java:128)
at java.util.ArrayList.forEach(Unknown Source)
at org.testng.TestRunner.privateRun(TestRunner.java:794)
at org.testng.TestRunner.run(TestRunner.java:596)
at org.testng.SuiteRunner.runTest(SuiteRunner.java:377)
at org.testng.SuiteRunner.runSequentially(SuiteRunner.java:371)
at org.testng.SuiteRunner.privateRun(SuiteRunner.java:332)
at org.testng.SuiteRunner.run(SuiteRunner.java:276)
at org.testng.SuiteRunnerWorker.runSuite(SuiteRunnerWorker.java:53)
at org.testng.SuiteRunnerWorker.run(SuiteRunnerWorker.java:96)
at org.testng.TestNG.runSuitesSequentially(TestNG.java:1212)
at org.testng.TestNG.runSuitesLocally(TestNG.java:1134)
at org.testng.TestNG.runSuites(TestNG.java:1063)
at org.testng.TestNG.run(TestNG.java:1031)
at org.testng.remote.AbstractRemoteTestNG.run(AbstractRemoteTestNG.java:115)
at org.testng.remote.RemoteTestNG.initAndRun(RemoteTestNG.java:251)
at org.testng.remote.RemoteTestNG.main(RemoteTestNG.java:77)
]]>
            </full-stacktrace>
          </exception> <!-- java.lang.AssertionError -->
          <reporter-output>
            <line>
              <![CDATA[The test testSearchGoogle is Failed 2]]>
            </line>
            <line>
              <![CDATA[<a href='C:\eclipse-workspace\OmarAhmedHussein\src\test\resources\Screenshots\testSearchGoogle.png'> <img src='C:\eclipse-workspace\OmarAhmedHussein\src\test\resources\Screenshots\testSearchGoogle.png' height='100' width='100'/> </a>]]>
            </line>
          </reporter-output>
        </test-method> <!-- testSearchGoogle -->
      </class> <!-- webGUITestAutomation.FirstTest -->
    </test> <!-- testSearchGoogle -->
    <test name="testHerokuFileUpload" duration-ms="7563" started-at="2021-11-13T18:02:47 EET" finished-at="2021-11-13T18:02:55 EET">
      <class name="webGUITestAutomation.SecondTest">
        <test-method status="PASS" signature="testHerokuFileUpload()[pri:0, instance:webGUITestAutomation.SecondTest@7a30d1e6]" name="testHerokuFileUpload" duration-ms="6759" started-at="2021-11-13T18:02:47 EET" finished-at="2021-11-13T18:02:54 EET">
          <reporter-output>
            <line>
              <![CDATA[The test testHerokuFileUpload is succeeded 1]]>
            </line>
            <line>
              <![CDATA[<a href='C:\eclipse-workspace\OmarAhmedHussein\src\test\resources\Screenshots\testHerokuFileUpload.png'> <img src='C:\eclipse-workspace\OmarAhmedHussein\src\test\resources\Screenshots\testHerokuFileUpload.png' height='100' width='100'/> </a>]]>
            </line>
          </reporter-output>
        </test-method> <!-- testHerokuFileUpload -->
      </class> <!-- webGUITestAutomation.SecondTest -->
    </test> <!-- testHerokuFileUpload -->
    <test name="testHerokuDynamicLoading" duration-ms="12670" started-at="2021-11-13T18:02:55 EET" finished-at="2021-11-13T18:03:07 EET">
      <class name="webGUITestAutomation.ThirdTest">
        <test-method status="PASS" signature="testHerokuDynamicLoading()[pri:0, instance:webGUITestAutomation.ThirdTest@28ac3dc3]" name="testHerokuDynamicLoading" duration-ms="11125" started-at="2021-11-13T18:02:55 EET" finished-at="2021-11-13T18:03:06 EET">
          <reporter-output>
            <line>
              <![CDATA[The test testHerokuDynamicLoading is succeeded 1]]>
            </line>
            <line>
              <![CDATA[<a href='C:\eclipse-workspace\OmarAhmedHussein\src\test\resources\Screenshots\testHerokuDynamicLoading.png'> <img src='C:\eclipse-workspace\OmarAhmedHussein\src\test\resources\Screenshots\testHerokuDynamicLoading.png' height='100' width='100'/> </a>]]>
            </line>
          </reporter-output>
        </test-method> <!-- testHerokuDynamicLoading -->
      </class> <!-- webGUITestAutomation.ThirdTest -->
    </test> <!-- testHerokuDynamicLoading -->
    <test name="CheckTextIsNotNull" duration-ms="4145" started-at="2021-11-13T18:03:07 EET" finished-at="2021-11-13T18:03:11 EET">
      <class name="apiTestAutomation.CatFactsAPI">
        <test-method status="PASS" signature="CheckTextIsNotNull()[pri:0, instance:apiTestAutomation.CatFactsAPI@7403c468]" name="CheckTextIsNotNull" duration-ms="4122" started-at="2021-11-13T18:03:07 EET" finished-at="2021-11-13T18:03:11 EET">
          <reporter-output>
            <line>
              <![CDATA[apiTestAutomation.CatFactsAPI
{"status":{"verified":true,"sentCount":1},"_id":"58e00b3a0aac31001185ed20","user":"58e007480aac31001185ecef","text":"Polydactyl cats are also referred to as \"Hemingway cats\" because the author was so fond of them.","__v":0,"source":"user","updatedAt":"2020-08-23T20:20:01.611Z","type":"cat","createdAt":"2018-02-17T21:41:52.585Z","deleted":false,"used":false}]]>
            </line>
            <line>
              <![CDATA[The test CheckTextIsNotNull is succeeded 1]]>
            </line>
          </reporter-output>
        </test-method> <!-- CheckTextIsNotNull -->
      </class> <!-- apiTestAutomation.CatFactsAPI -->
    </test> <!-- CheckTextIsNotNull -->
  </suite> <!-- Listener Test Suite -->
</testng-results>
