<?xml version="1.0" encoding="UTF-8"?>
<!-- Generated by org.testng.reporters.JUnitXMLReporter -->
<testsuite hostname="DESKTOP-4VT2SJF" ignored="0" name="testSearchGoogle" tests="1" failures="1" timestamp="2021-11-13T17:22:08 EET" time="8.682" errors="0">
  <testcase name="testSearchGoogle" time="7.619" classname="webGUITestAutomation.FirstTest">
    <failure type="java.lang.AssertionError" message="expected [true] but found [false]">
      <![CDATA[java.lang.AssertionError: expected [true] but found [false]
at webGUITestAutomation.FirstTest.testSearchGoogle(FirstTest.java:46)
at java.util.ArrayList.forEach(Unknown Source)
... Removed 31 stack frames]]>
    </failure>
  </testcase> <!-- testSearchGoogle -->
</testsuite> <!-- testSearchGoogle -->
